Drill report for SparkFun_NEO-F10N_panelized.kicad_pcb
Created on 1/5/2024 7:18:28 PM

Copper Layer Stackup:
    =============================================================
    L1 :  F.Cu                      front
    L2 :  B.Cu                      back


Drill file 'SparkFun_NEO-F10N_panelized.drl' contains
    plated through holes:
    =============================================================
    T1  0.300mm  0.0118"  (126 holes)
    T2  0.305mm  0.0120"  (354 holes)
    T3  0.600mm  0.0236"  (24 holes)  (with 24 slots)
    T4  1.016mm  0.0400"  (102 holes)

    Total plated holes count 606


Not plated through holes are merged with plated holes
    unplated through holes:
    =============================================================
    T5  0.650mm  0.0256"  (12 holes)
    T6  3.302mm  0.1300"  (24 holes)

    Total unplated holes count 36
